<?xml version="1.0" encoding="UTF-8"?>
<testng-results ignored="0" total="1" passed="1" failed="0" skipped="0">
  <reporter-output>
  </reporter-output>
  <suite started-at="2023-04-28T23:08:37 TRT" name="Default Suite" finished-at="2023-04-28T23:10:18 TRT" duration-ms="100432">
    <groups>
    </groups>
    <test started-at="2023-04-28T23:08:37 TRT" name="TestiniumTaskOrijinal" finished-at="2023-04-28T23:10:18 TRT" duration-ms="100432">
      <class name="test.Beymen01">
        <test-method is-config="true" signature="setUpTest()[pri:0, instance:test.Beymen01@61d01788]" started-at="2023-04-28T23:08:37 TRT" name="setUpTest" finished-at="2023-04-28T23:08:37 TRT" duration-ms="230" status="PASS">
          <reporter-output>
          </reporter-output>
        </test-method> <!-- setUpTest -->
        <test-method signature="beymenSeleniumTest()[pri:0, instance:test.Beymen01@61d01788]" started-at="2023-04-28T23:08:38 TRT" name="beymenSeleniumTest" description="Beymen UI Testi" finished-at="2023-04-28T23:10:17 TRT" duration-ms="99504" status="PASS">
          <reporter-output>
          </reporter-output>
        </test-method> <!-- beymenSeleniumTest -->
        <test-method is-config="true" signature="tearDownMethod(org.testng.ITestResult)[pri:0, instance:test.Beymen01@61d01788]" started-at="2023-04-28T23:10:17 TRT" name="tearDownMethod" finished-at="2023-04-28T23:10:17 TRT" duration-ms="6" status="PASS">
          <params>
            <param index="0">
              <value>
                <![CDATA[[TestResult name=beymenSeleniumTest status=SUCCESS method=Beymen01.beymenSeleniumTest()[pri:0, instance:test.Beymen01@61d01788] output={null}]]]>
              </value>
            </param>
          </params>
          <reporter-output>
          </reporter-output>
        </test-method> <!-- tearDownMethod -->
        <test-method is-config="true" signature="tearDownTest()[pri:0, instance:test.Beymen01@61d01788]" started-at="2023-04-28T23:10:17 TRT" name="tearDownTest" finished-at="2023-04-28T23:10:18 TRT" duration-ms="594" status="PASS">
          <reporter-output>
          </reporter-output>
        </test-method> <!-- tearDownTest -->
      </class> <!-- test.Beymen01 -->
    </test> <!-- TestiniumTaskOrijinal -->
  </suite> <!-- Default Suite -->
</testng-results>
